<?xml version="1.0" encoding="UTF-8"?>
<!-- Generated by org.testng.reporters.JUnitReportReporter -->
<testsuite hostname="Vishnu-PC" failures="0" tests="1" name="com.mycompany.app.NewTest" time="5.266" errors="0" timestamp="14 Oct 2020 14:18:53 GMT">
  <testcase classname="com.mycompany.app.NewTest" name="testEasy" time="5.266"/>
</testsuite> <!-- com.mycompany.app.NewTest -->
